<?xml version="1.0" encoding="UTF-8"?>
<!-- Generated by org.testng.reporters.JUnitReportReporter -->
<testsuite skipped="0" hostname="Admins-MBP-2.Dlink" name="testNG.MedTran002" tests="1" failures="0" timestamp="25 Jan 2020 03:44:56 GMT" time="0.109" errors="0">
  <testcase name="verifyBuyNow" time="0.109" classname="testNG.MedTran002"/>
</testsuite> <!-- testNG.MedTran002 -->
