<?xml version="1.0" encoding="UTF-8"?>
<!-- Generated by org.testng.reporters.JUnitReportReporter -->
<testsuite skipped="0" hostname="Admins-MBP-2.Dlink" name="browsers.BrowserNotification" tests="1" failures="0" timestamp="26 Jan 2020 05:24:35 GMT" time="8.806" errors="0">
  <testcase name="notification" time="8.806" classname="browsers.BrowserNotification"/>
</testsuite> <!-- browsers.BrowserNotification -->
