<?xml version="1.0" encoding="UTF-8"?>
<!-- Generated by org.testng.reporters.JUnitReportReporter -->
<testsuite skipped="0" hostname="Admins-MBP-2" name="FileHandling.PassFail" tests="1" failures="0" timestamp="19 Jan 2020 04:23:24 GMT" time="6.091" errors="0">
  <testcase name="test" time="6.091" classname="FileHandling.PassFail"/>
</testsuite> <!-- FileHandling.PassFail -->
