<?xml version="1.0" encoding="UTF-8"?>
<!-- Generated by org.testng.reporters.JUnitReportReporter -->
<testsuite skipped="0" hostname="Admins-MacBook-Pro-2.local" name="FileHandling.ReadPropertiesFile" tests="1" failures="0" timestamp="12 Jan 2020 04:12:02 GMT" time="5.573" errors="0">
  <testcase name="search" time="5.573" classname="FileHandling.ReadPropertiesFile"/>
</testsuite> <!-- FileHandling.ReadPropertiesFile -->
