<?xml version="1.0" encoding="UTF-8"?>
<!-- Generated by org.testng.reporters.JUnitReportReporter -->
<testsuite skipped="0" hostname="Admins-MBP-2.Dlink" name="videoRecorder.DemoVideoRec" tests="1" failures="0" timestamp="25 Jan 2020 04:39:03 GMT" time="18.023" errors="0">
  <testcase name="demo" time="18.023" classname="videoRecorder.DemoVideoRec"/>
</testsuite> <!-- videoRecorder.DemoVideoRec -->
