<?xml version="1.0" encoding="UTF-8"?>
<!-- Generated by org.testng.reporters.JUnitReportReporter -->
<testsuite skipped="0" hostname="Admins-MBP-2.Dlink" name="testNG.MedTran003" tests="1" failures="0" timestamp="25 Jan 2020 03:43:33 GMT" time="0.006" errors="0">
  <testcase name="m1" time="0.006" classname="testNG.MedTran003"/>
</testsuite> <!-- testNG.MedTran003 -->
