<?xml version="1.0" encoding="UTF-8"?>
<!-- Generated by org.testng.reporters.JUnitReportReporter -->
<testsuite skipped="0" hostname="Admins-MBP-2.Dlink" name="testNG.TestNGAnnotations" tests="2" failures="0" timestamp="04 Jan 2020 05:40:15 GMT" time="0.012" errors="0">
  <testcase name="firstTest" time="0.009" classname="testNG.TestNGAnnotations"/>
  <testcase name="secondTest" time="0.003" classname="testNG.TestNGAnnotations"/>
</testsuite> <!-- testNG.TestNGAnnotations -->
