<?xml version="1.0" encoding="UTF-8"?>
<!-- Generated by org.testng.reporters.JUnitReportReporter -->
<testsuite skipped="0" hostname="Admins-MacBook-Pro-2.local" name="FileHandling.ReadIniFile" tests="1" failures="0" timestamp="12 Jan 2020 04:27:50 GMT" time="7.226" errors="0">
  <testcase name="search" time="7.226" classname="FileHandling.ReadIniFile"/>
</testsuite> <!-- FileHandling.ReadIniFile -->
