<?xml version="1.0" encoding="UTF-8"?>
<!-- Generated by org.testng.reporters.JUnitReportReporter -->
<testsuite skipped="0" hostname="Admins-MBP-2.Dlink" name="locators.ByTagNames" tests="1" failures="0" timestamp="26 Jan 2020 06:08:06 GMT" time="2.730" errors="0">
  <testcase name="search" time="2.730" classname="locators.ByTagNames"/>
</testsuite> <!-- locators.ByTagNames -->
