<?xml version="1.0" encoding="UTF-8"?>
<!-- Generated by org.testng.reporters.JUnitReportReporter -->
<testsuite skipped="0" hostname="Admins-MBP-2.Dlink" name="locators.ByPartialLinkText" tests="1" failures="0" timestamp="26 Jan 2020 05:57:21 GMT" time="5.286" errors="0">
  <testcase name="search" time="5.286" classname="locators.ByPartialLinkText"/>
</testsuite> <!-- locators.ByPartialLinkText -->
