<?xml version="1.0" encoding="UTF-8"?>
<!-- Generated by org.testng.reporters.JUnitReportReporter -->
<testsuite skipped="0" hostname="Admins-MBP-2.Dlink" name="assertions.HardAssertions" tests="1" failures="0" timestamp="04 Jan 2020 06:17:06 GMT" time="0.026" errors="0">
  <testcase name="test1" time="0.026" classname="assertions.HardAssertions"/>
</testsuite> <!-- assertions.HardAssertions -->
