<?xml version="1.0" encoding="UTF-8"?>
<!-- Generated by org.testng.reporters.JUnitReportReporter -->
<testsuite skipped="0" hostname="Admins-MBP-2.Dlink" name="testNG.MedTran001" tests="1" failures="0" timestamp="25 Jan 2020 03:43:33 GMT" time="0.009" errors="0">
  <testcase name="verifyTitle" time="0.009" classname="testNG.MedTran001"/>
</testsuite> <!-- testNG.MedTran001 -->
