<?xml version="1.0" encoding="UTF-8"?>
<!-- Generated by org.testng.reporters.JUnitReportReporter -->
<testsuite skipped="0" hostname="Admins-MBP-2" name="testNG.ExampleForTryCatch" tests="1" failures="0" timestamp="19 Jan 2020 07:28:22 GMT" time="4.020" errors="0">
  <testcase name="trycatch" time="4.020" classname="testNG.ExampleForTryCatch"/>
</testsuite> <!-- testNG.ExampleForTryCatch -->
