<?xml version="1.0" encoding="UTF-8"?>
<!-- Generated by org.testng.reporters.JUnitReportReporter -->
<testsuite skipped="0" hostname="Admins-MBP-2.Dlink" name="browsers.HeadLessBrowser" tests="1" failures="0" timestamp="26 Jan 2020 05:29:50 GMT" time="4.919" errors="0">
  <testcase name="notification" time="4.919" classname="browsers.HeadLessBrowser"/>
</testsuite> <!-- browsers.HeadLessBrowser -->
