<?xml version="1.0" encoding="UTF-8"?>
<!-- Generated by org.testng.reporters.JUnitReportReporter -->
<testsuite skipped="0" hostname="Admins-MBP-2.Dlink" name="locators.ByClassName" tests="1" failures="0" timestamp="26 Jan 2020 05:59:42 GMT" time="11.110" errors="0">
  <testcase name="search" time="11.110" classname="locators.ByClassName"/>
</testsuite> <!-- locators.ByClassName -->
