<?xml version="1.0" encoding="UTF-8"?>
<!-- Generated by org.testng.reporters.JUnitReportReporter -->
<testsuite skipped="1" hostname="Admins-MBP-2.Dlink" name="testNG.MedTran004" tests="1" failures="0" timestamp="25 Jan 2020 03:43:33 GMT" time="0.002" errors="0">
  <testcase name="verifyBuyNow" time="0.002" classname="testNG.MedTran004">
    <skipped/>
  </testcase> <!-- verifyBuyNow -->
</testsuite> <!-- testNG.MedTran004 -->
