<?xml version="1.0" encoding="UTF-8"?>
<!-- Generated by org.testng.reporters.JUnitReportReporter -->
<testsuite skipped="0" hostname="Admins-MBP-2.Dlink" name="locators.ByID" tests="1" failures="0" timestamp="26 Jan 2020 05:49:16 GMT" time="9.547" errors="0">
  <testcase name="search" time="9.547" classname="locators.ByID"/>
</testsuite> <!-- locators.ByID -->
