<?xml version="1.0" encoding="UTF-8"?>
<!-- Generated by org.testng.reporters.JUnitReportReporter -->
<testsuite skipped="0" hostname="Admins-MBP-2" name="javaCollcetions.ListOfLang" tests="1" failures="0" timestamp="19 Jan 2020 05:42:36 GMT" time="2.717" errors="0">
  <testcase name="getList" time="2.717" classname="javaCollcetions.ListOfLang"/>
</testsuite> <!-- javaCollcetions.ListOfLang -->
