<?xml version="1.0" encoding="UTF-8"?>
<!-- Generated by org.testng.reporters.JUnitReportReporter -->
<testsuite skipped="0" hostname="Admins-MacBook-Pro-2.local" name="testNG.TestNGAnnotations" tests="2" failures="0" timestamp="12 Jan 2020 04:16:19 GMT" time="0.000" errors="0">
  <testcase name="secondTest" time="0.000" classname="testNG.TestNGAnnotations"/>
  <testcase name="firstTest" time="0.000" classname="testNG.TestNGAnnotations"/>
</testsuite> <!-- testNG.TestNGAnnotations -->
