<?xml version="1.0" encoding="UTF-8"?>
<!-- Generated by org.testng.reporters.JUnitReportReporter -->
<testsuite skipped="0" hostname="Admins-MacBook-Pro-2.local" name="testNG.TestDataFromExcel" tests="3" failures="0" timestamp="12 Jan 2020 04:16:19 GMT" time="7.103" errors="0">
  <testcase name="f" time="2.246" classname="testNG.TestDataFromExcel"/>
  <testcase name="f" time="2.279" classname="testNG.TestDataFromExcel"/>
  <testcase name="f" time="2.578" classname="testNG.TestDataFromExcel"/>
</testsuite> <!-- testNG.TestDataFromExcel -->
